>> Writing PID to tmp/pids/thin.3000.pid
>> Exiting!
/var/lib/gems/1.8/gems/thin-1.5.1/lib/rack/adapter/loader.rb:32:in `read': No such file or directory - ./config.ru (Errno::ENOENT)
	from /var/lib/gems/1.8/gems/thin-1.5.1/lib/rack/adapter/loader.rb:32:in `load'
	from /var/lib/gems/1.8/gems/thin-1.5.1/lib/thin/controllers/controller.rb:181:in `load_rackup_config'
	from /var/lib/gems/1.8/gems/thin-1.5.1/lib/thin/controllers/controller.rb:71:in `start'
	from /var/lib/gems/1.8/gems/thin-1.5.1/lib/thin/runner.rb:187:in `send'
	from /var/lib/gems/1.8/gems/thin-1.5.1/lib/thin/runner.rb:187:in `run_command'
	from /var/lib/gems/1.8/gems/thin-1.5.1/lib/thin/runner.rb:152:in `run!'
	from /var/lib/gems/1.8/gems/thin-1.5.1/bin/thin:6
	from /var/lib/gems/1.8/bin/thin:19:in `load'
	from /var/lib/gems/1.8/bin/thin:19
>> Writing PID to tmp/pids/thin.3000.pid
>> Exiting!
/var/lib/gems/1.8/gems/thin-1.5.1/lib/rack/adapter/loader.rb:32:in `read': No such file or directory - ./config.ru (Errno::ENOENT)
	from /var/lib/gems/1.8/gems/thin-1.5.1/lib/rack/adapter/loader.rb:32:in `load'
	from /var/lib/gems/1.8/gems/thin-1.5.1/lib/thin/controllers/controller.rb:181:in `load_rackup_config'
	from /var/lib/gems/1.8/gems/thin-1.5.1/lib/thin/controllers/controller.rb:71:in `start'
	from /var/lib/gems/1.8/gems/thin-1.5.1/lib/thin/runner.rb:187:in `send'
	from /var/lib/gems/1.8/gems/thin-1.5.1/lib/thin/runner.rb:187:in `run_command'
	from /var/lib/gems/1.8/gems/thin-1.5.1/lib/thin/runner.rb:152:in `run!'
	from /var/lib/gems/1.8/gems/thin-1.5.1/bin/thin:6
	from /var/lib/gems/1.8/bin/thin:19:in `load'
	from /var/lib/gems/1.8/bin/thin:19
>> Writing PID to tmp/pids/thin.3000.pid
>> Exiting!
/var/lib/gems/1.8/gems/thin-1.5.1/lib/rack/adapter/loader.rb:32:in `read': No such file or directory - ./config.ru (Errno::ENOENT)
	from /var/lib/gems/1.8/gems/thin-1.5.1/lib/rack/adapter/loader.rb:32:in `load'
	from /var/lib/gems/1.8/gems/thin-1.5.1/lib/thin/controllers/controller.rb:181:in `load_rackup_config'
	from /var/lib/gems/1.8/gems/thin-1.5.1/lib/thin/controllers/controller.rb:71:in `start'
	from /var/lib/gems/1.8/gems/thin-1.5.1/lib/thin/runner.rb:187:in `send'
	from /var/lib/gems/1.8/gems/thin-1.5.1/lib/thin/runner.rb:187:in `run_command'
	from /var/lib/gems/1.8/gems/thin-1.5.1/lib/thin/runner.rb:152:in `run!'
	from /var/lib/gems/1.8/gems/thin-1.5.1/bin/thin:6
	from /var/lib/gems/1.8/bin/thin:19:in `load'
	from /var/lib/gems/1.8/bin/thin:19
>> Writing PID to tmp/pids/thin.3000.pid
>> Exiting!
/var/lib/gems/1.8/gems/thin-1.5.1/lib/rack/adapter/loader.rb:32:in `read': No such file or directory - ./config.ru (Errno::ENOENT)
	from /var/lib/gems/1.8/gems/thin-1.5.1/lib/rack/adapter/loader.rb:32:in `load'
	from /var/lib/gems/1.8/gems/thin-1.5.1/lib/thin/controllers/controller.rb:181:in `load_rackup_config'
	from /var/lib/gems/1.8/gems/thin-1.5.1/lib/thin/controllers/controller.rb:71:in `start'
	from /var/lib/gems/1.8/gems/thin-1.5.1/lib/thin/runner.rb:187:in `send'
	from /var/lib/gems/1.8/gems/thin-1.5.1/lib/thin/runner.rb:187:in `run_command'
	from /var/lib/gems/1.8/gems/thin-1.5.1/lib/thin/runner.rb:152:in `run!'
	from /var/lib/gems/1.8/gems/thin-1.5.1/bin/thin:6
	from /var/lib/gems/1.8/bin/thin:19:in `load'
	from /var/lib/gems/1.8/bin/thin:19
>> Writing PID to tmp/pids/thin.3000.pid
>> Exiting!
/var/lib/gems/1.8/gems/thin-1.5.1/lib/rack/adapter/loader.rb:32:in `read': No such file or directory - ./config.ru (Errno::ENOENT)
	from /var/lib/gems/1.8/gems/thin-1.5.1/lib/rack/adapter/loader.rb:32:in `load'
	from /var/lib/gems/1.8/gems/thin-1.5.1/lib/thin/controllers/controller.rb:181:in `load_rackup_config'
	from /var/lib/gems/1.8/gems/thin-1.5.1/lib/thin/controllers/controller.rb:71:in `start'
	from /var/lib/gems/1.8/gems/thin-1.5.1/lib/thin/runner.rb:187:in `send'
	from /var/lib/gems/1.8/gems/thin-1.5.1/lib/thin/runner.rb:187:in `run_command'
	from /var/lib/gems/1.8/gems/thin-1.5.1/lib/thin/runner.rb:152:in `run!'
	from /var/lib/gems/1.8/gems/thin-1.5.1/bin/thin:6
	from /var/lib/gems/1.8/bin/thin:19:in `load'
	from /var/lib/gems/1.8/bin/thin:19
>> Writing PID to tmp/pids/thin.3000.pid
>> Thin web server (v1.5.1 codename Straight Razor)
>> Maximum connections set to 1024
>> Listening on 0.0.0.0:3000, CTRL+C to stop
>> Exiting!
>> Writing PID to tmp/pids/thin.3000.pid
>> Exiting!
./app.rb:6: undefined method `use' for main:Object (NoMethodError)
	from /var/lib/gems/1.8/gems/thin-1.5.1/lib/thin/controllers/controller.rb:178:in `load'
	from /var/lib/gems/1.8/gems/thin-1.5.1/lib/thin/controllers/controller.rb:178:in `load_rackup_config'
	from /var/lib/gems/1.8/gems/thin-1.5.1/lib/thin/controllers/controller.rb:71:in `start'
	from /var/lib/gems/1.8/gems/thin-1.5.1/lib/thin/runner.rb:187:in `send'
	from /var/lib/gems/1.8/gems/thin-1.5.1/lib/thin/runner.rb:187:in `run_command'
	from /var/lib/gems/1.8/gems/thin-1.5.1/lib/thin/runner.rb:152:in `run!'
	from /var/lib/gems/1.8/gems/thin-1.5.1/bin/thin:6
	from /var/lib/gems/1.8/bin/thin:19:in `load'
	from /var/lib/gems/1.8/bin/thin:19
>> Writing PID to tmp/pids/thin.3000.pid
>> Exiting!
./app.rb:6: undefined method `use' for main:Object (NoMethodError)
	from /var/lib/gems/1.8/gems/thin-1.5.1/lib/thin/controllers/controller.rb:178:in `load'
	from /var/lib/gems/1.8/gems/thin-1.5.1/lib/thin/controllers/controller.rb:178:in `load_rackup_config'
	from /var/lib/gems/1.8/gems/thin-1.5.1/lib/thin/controllers/controller.rb:71:in `start'
	from /var/lib/gems/1.8/gems/thin-1.5.1/lib/thin/runner.rb:187:in `send'
	from /var/lib/gems/1.8/gems/thin-1.5.1/lib/thin/runner.rb:187:in `run_command'
	from /var/lib/gems/1.8/gems/thin-1.5.1/lib/thin/runner.rb:152:in `run!'
	from /var/lib/gems/1.8/gems/thin-1.5.1/bin/thin:6
	from /var/lib/gems/1.8/bin/thin:19:in `load'
	from /var/lib/gems/1.8/bin/thin:19
>> Writing PID to tmp/pids/thin.3000.pid
>> Thin web server (v1.5.1 codename Straight Razor)
>> Maximum connections set to 1024
>> Listening on 0.0.0.0:3000, CTRL+C to stop
!! Unexpected error while processing request: 404 Not Found
!! Unexpected error while processing request: 404 Not Found
!! Unexpected error while processing request: 404 Not Found
!! Unexpected error while processing request: 404 Not Found
>> Waiting for 1 connection(s) to finish, can take up to 30 sec, CTRL+C to stop now
>> Exiting!
